0 info it worked if it ends with ok
1 verbose cli [ '/usr/local/bin/node', '/usr/local/bin/npm', 'run', 'dev' ]
2 info using npm@3.3.12
3 info using node@v5.2.0
4 verbose run-script [ 'predev', 'dev', 'postdev' ]
5 info lifecycle isomorphic-startkit@0.0.1~predev: isomorphic-startkit@0.0.1
6 silly lifecycle isomorphic-startkit@0.0.1~predev: no script for predev, continuing
7 info lifecycle isomorphic-startkit@0.0.1~dev: isomorphic-startkit@0.0.1
8 verbose lifecycle isomorphic-startkit@0.0.1~dev: unsafe-perm in lifecycle true
9 verbose lifecycle isomorphic-startkit@0.0.1~dev: PATH: /usr/local/lib/node_modules/npm/bin/node-gyp-bin:/Users/silenceshia/universal-react-redux/node_modules/.bin::::/Users/silenceshia/.rvm/gems/ruby-2.1.2/bin:/Users/silenceshia/.rvm/gems/ruby-2.1.2@global/bin:/Users/silenceshia/.rvm/rubies/ruby-2.1.2/bin:/usr/bin:/bin:/usr/sbin:/sbin:/usr/local/bin:/Users/silenceshia/.rvm/bin:~/.composer/vendor/bin:/Users/silenceshia/.rvm/bin
10 verbose lifecycle isomorphic-startkit@0.0.1~dev: CWD: /Users/silenceshia/universal-react-redux
11 silly lifecycle isomorphic-startkit@0.0.1~dev: Args: [ '-c', 'NODE_PATH=. node --harmony ./bin/www-dev' ]
12 silly lifecycle isomorphic-startkit@0.0.1~dev: Returned: code: 1  signal: null
13 info lifecycle isomorphic-startkit@0.0.1~dev: Failed to exec dev script
14 verbose stack Error: isomorphic-startkit@0.0.1 dev: `NODE_PATH=. node --harmony ./bin/www-dev`
14 verbose stack Exit status 1
14 verbose stack     at EventEmitter.<anonymous> (/usr/local/lib/node_modules/npm/lib/utils/lifecycle.js:232:16)
14 verbose stack     at emitTwo (events.js:88:13)
14 verbose stack     at EventEmitter.emit (events.js:173:7)
14 verbose stack     at ChildProcess.<anonymous> (/usr/local/lib/node_modules/npm/lib/utils/spawn.js:24:14)
14 verbose stack     at emitTwo (events.js:88:13)
14 verbose stack     at ChildProcess.emit (events.js:173:7)
14 verbose stack     at maybeClose (internal/child_process.js:819:16)
14 verbose stack     at Process.ChildProcess._handle.onexit (internal/child_process.js:212:5)
15 verbose pkgid isomorphic-startkit@0.0.1
16 verbose cwd /Users/silenceshia/universal-react-redux
17 error Darwin 15.0.0
18 error argv "/usr/local/bin/node" "/usr/local/bin/npm" "run" "dev"
19 error node v5.2.0
20 error npm  v3.3.12
21 error code ELIFECYCLE
22 error isomorphic-startkit@0.0.1 dev: `NODE_PATH=. node --harmony ./bin/www-dev`
22 error Exit status 1
23 error Failed at the isomorphic-startkit@0.0.1 dev script 'NODE_PATH=. node --harmony ./bin/www-dev'.
23 error Make sure you have the latest version of node.js and npm installed.
23 error If you do, this is most likely a problem with the isomorphic-startkit package,
23 error not with npm itself.
23 error Tell the author that this fails on your system:
23 error     NODE_PATH=. node --harmony ./bin/www-dev
23 error You can get their info via:
23 error     npm owner ls isomorphic-startkit
23 error There is likely additional logging output above.
24 verbose exit [ 1, true ]
